<?xml version="1.0" encoding="UTF-8"?>
<!-- Generated by org.testng.reporters.JUnitReportReporter -->
<testsuite hostname="ZTD-PF16WQSA" name="appsfactory.appsfactory.AppTest" tests="1" failures="0" timestamp="19 Dec 2021 18:32:33 GMT" time="0.000" errors="0">
  <testcase name="testApp" time="0.000" classname="appsfactory.appsfactory.AppTest"/>
</testsuite> <!-- appsfactory.appsfactory.AppTest -->
